Using pre-set license
Built from '2021.1/staging' branch; Version is '2021.1.12f1 (afcadd793de6) revision 11520733'; Using compiler version '192528614'; Build Type 'Release'
OS: 'Windows 10 Home; OS build 22631.2338; Version 2009; 64bit' Language: 'it' Physical Memory: 8101 MB
BatchMode: 1, IsHumanControllingUs: 0, StartBugReporterOnCrash: 0, Is64bit: 1, IsPro: 0

 COMMAND LINE ARGUMENTS:
C:\Program Files\Unity\Hub\Editor\2021.1.12f1\Editor\Unity.exe
-adb2
-batchMode
-noUpm
-name
AssetImportWorker1
-projectPath
C:/Users/scalu/OneDrive/Desktop/GitHub/Unity-Platformer/Platformer
-logFile
Logs/AssetImportWorker1.log
-srvPort
50393
Successfully changed project path to: C:/Users/scalu/OneDrive/Desktop/GitHub/Unity-Platformer/Platformer
C:/Users/scalu/OneDrive/Desktop/GitHub/Unity-Platformer/Platformer
Using Asset Import Pipeline V2.
Refreshing native plugins compatible for Editor in 170.50 ms, found 4 plugins.
Preloading 0 native plugins for Editor in 0.00 ms.
Initialize engine version: 2021.1.12f1 (afcadd793de6)
[Subsystems] Discovering subsystems at path C:/Program Files/Unity/Hub/Editor/2021.1.12f1/Editor/Data/Resources/UnitySubsystems
[Subsystems] Discovering subsystems at path C:/Users/scalu/OneDrive/Desktop/GitHub/Unity-Platformer/Platformer/Assets
GfxDevice: creating device client; threaded=0; jobified=0
Direct3D:
    Version:  Direct3D 11.0 [level 11.1]
    Renderer: AMD Radeon(TM) 535 (ID=0x6900)
    Vendor:   ATI
    VRAM:     2039 MB
    Driver:   23.20.806.256
Initialize mono
Mono path[0] = 'C:/Program Files/Unity/Hub/Editor/2021.1.12f1/Editor/Data/Managed'
Mono path[1] = 'C:/Program Files/Unity/Hub/Editor/2021.1.12f1/Editor/Data/MonoBleedingEdge/lib/mono/unityjit'
Mono config path = 'C:/Program Files/Unity/Hub/Editor/2021.1.12f1/Editor/Data/MonoBleedingEdge/etc'
Using monoOptions --debugger-agent=transport=dt_socket,embedding=1,server=y,suspend=n,address=127.0.0.1:56796
Begin MonoManager ReloadAssembly
Registering precompiled unity dll's ...
Register platform support module: C:/Program Files/Unity/Hub/Editor/2021.1.12f1/Editor/Data/PlaybackEngines/WindowsStandaloneSupport/UnityEditor.WindowsStandalone.Extensions.dll
Registered in 0.007904 seconds.
Native extension for WindowsStandalone target not found
Refreshing native plugins compatible for Editor in 333.44 ms, found 4 plugins.
Preloading 0 native plugins for Editor in 0.00 ms.
Mono: successfully reloaded assembly
- Completed reload, in 11.078 seconds
Domain Reload Profiling:
	ReloadAssembly (11078ms)
		BeginReloadAssembly (112ms)
			ExecutionOrderSort (0ms)
			DisableScriptedObjects (0ms)
			BackupInstance (0ms)
			ReleaseScriptingObjects (0ms)
			CreateAndSetChildDomain (1ms)
		EndReloadAssembly (1606ms)
			LoadAssemblies (110ms)
			RebuildTransferFunctionScriptingTraits (0ms)
			SetupTypeCache (528ms)
			ReleaseScriptCaches (0ms)
			RebuildScriptCaches (90ms)
			SetupLoadedEditorAssemblies (832ms)
				LogAssemblyErrors (0ms)
				InitializePlatformSupportModulesInManaged (23ms)
				SetLoadedEditorAssemblies (1ms)
				RefreshPlugins (334ms)
				BeforeProcessingInitializeOnLoad (4ms)
				ProcessInitializeOnLoadAttributes (337ms)
				ProcessInitializeOnLoadMethodAttributes (134ms)
				AfterProcessingInitializeOnLoad (0ms)
				EditorAssembliesLoaded (0ms)
			ExecutionOrderSort2 (0ms)
			AwakeInstancesAfterBackupRestoration (0ms)
Platform modules already initialized, skipping
Registering precompiled user dll's ...
Registered in 0.042213 seconds.
Begin MonoManager ReloadAssembly
Symbol file LoadedFromMemory doesn't match image C:\Users\scalu\OneDrive\Desktop\GitHub\Unity-Platformer\Platformer\Library\PackageCache\com.unity.visualscripting@1.6.1\Editor\VisualScripting.Core\Dependencies\YamlDotNet\Unity.VisualScripting.YamlDotNet.dll
Symbol file LoadedFromMemory doesn't match image C:\Users\scalu\OneDrive\Desktop\GitHub\Unity-Platformer\Platformer\Library\PackageCache\com.unity.visualscripting@1.6.1\Editor\VisualScripting.Core\Dependencies\DotNetZip\Unity.VisualScripting.IonicZip.dll
Native extension for WindowsStandalone target not found
Refreshing native plugins compatible for Editor in 147.62 ms, found 4 plugins.
Preloading 0 native plugins for Editor in 0.00 ms.
Mono: successfully reloaded assembly
- Completed reload, in  2.102 seconds
Domain Reload Profiling:
	ReloadAssembly (2103ms)
		BeginReloadAssembly (196ms)
			ExecutionOrderSort (0ms)
			DisableScriptedObjects (6ms)
			BackupInstance (0ms)
			ReleaseScriptingObjects (0ms)
			CreateAndSetChildDomain (31ms)
		EndReloadAssembly (1827ms)
			LoadAssemblies (236ms)
			RebuildTransferFunctionScriptingTraits (0ms)
			SetupTypeCache (624ms)
			ReleaseScriptCaches (2ms)
			RebuildScriptCaches (96ms)
			SetupLoadedEditorAssemblies (733ms)
				LogAssemblyErrors (0ms)
				InitializePlatformSupportModulesInManaged (5ms)
				SetLoadedEditorAssemblies (0ms)
				RefreshPlugins (148ms)
				BeforeProcessingInitializeOnLoad (142ms)
				ProcessInitializeOnLoadAttributes (403ms)
				ProcessInitializeOnLoadMethodAttributes (24ms)
				AfterProcessingInitializeOnLoad (10ms)
				EditorAssembliesLoaded (0ms)
			ExecutionOrderSort2 (0ms)
			AwakeInstancesAfterBackupRestoration (8ms)
Platform modules already initialized, skipping
========================================================================
Worker process is ready to serve import requests
Launched and connected shader compiler UnityShaderCompiler.exe after 0.08 seconds
Refreshing native plugins compatible for Editor in 1.12 ms, found 4 plugins.
Preloading 0 native plugins for Editor in 0.00 ms.
Unloading 5145 Unused Serialized files (Serialized files now loaded: 0)
System memory in use before: 198.5 MB.
System memory in use after: 198.9 MB.

Unloading 35 unused Assets to reduce memory usage. Loaded Objects now: 5593.
Total: 6.580300 ms (FindLiveObjects: 0.421300 ms CreateObjectMapping: 0.324700 ms MarkObjects: 5.714100 ms  DeleteObjects: 0.118100 ms)

AssetImportParameters requested are different than current active one (requested -> active):
  custom:framework-win-MediaFoundation: 216162199b28c13a410421893ffa2e32 -> 
  custom:video-decoder-ogg-theora: a1e56fd34408186e4bbccfd4996cb3dc -> 
  custom:container-muxer-webm: aa71ff27fc2769a1b78a27578f13a17b -> 
  custom:container-demuxer-webm: 4f35f7cbe854078d1ac9338744f61a02 -> 
  custom:container-demuxer-ogg: 62fdf1f143b41e24485cea50d1cbac27 -> 
  custom:video-encoder-webm-vp8: eb34c28f22e8b96e1ab97ce403110664 -> 
  custom:video-codec-MediaFoundation-h265: 746d11721c4dcdbdad8f713fa42b33f4 -> 
  custom:video-decoder-webm-vp8: 9c59270c3fd7afecdb556c50c9e8de78 -> 
  custom:audio-decoder-ogg-vorbis: bf7c407c2cedff20999df2af8eb42d56 -> 
  custom:audio-encoder-webm-vorbis: bf7c407c2cedff20999df2af8eb42d56 -> 
========================================================================
Received Import Request.
  path: Assets/AstarPathfindingProject/Editor/EditorAssets/DarkSkin/lock_closed@1x.png
  artifactKey: Guid(aaae516f9c5404f77a3e586cdd59695b) Importer(815301076,1909f56bfc062723c751e8b465ee728b)
Start importing Assets/AstarPathfindingProject/Editor/EditorAssets/DarkSkin/lock_closed@1x.png using Guid(aaae516f9c5404f77a3e586cdd59695b) Importer(815301076,1909f56bfc062723c751e8b465ee728b)  -> (artifact id: 'aa84b475955f84df3e54755475f217e2') in 0.194071 seconds 
========================================================================
Received Import Request.
  Time since last request: 0.000429 seconds.
  path: Packages/com.unity.searcher/Editor/Resources/FlatSkin/SearchSmallDownOn@2x.png
  artifactKey: Guid(c5b36095078d8694ba9e3ae3fd867b2e) Importer(815301076,1909f56bfc062723c751e8b465ee728b)
Start importing Packages/com.unity.searcher/Editor/Resources/FlatSkin/SearchSmallDownOn@2x.png using Guid(c5b36095078d8694ba9e3ae3fd867b2e) Importer(815301076,1909f56bfc062723c751e8b465ee728b)  -> (artifact id: '7ce264855cd85774500348d78eda3350') in 0.032260 seconds 
========================================================================
Received Import Request.
  Time since last request: 0.000473 seconds.
  path: Packages/com.unity.collab-proxy/Editor/Collaborate/Assets/Icons/moved-file-light@2x.png
  artifactKey: Guid(3a008b3f63356f241a197da231865421) Importer(815301076,1909f56bfc062723c751e8b465ee728b)
Start importing Packages/com.unity.collab-proxy/Editor/Collaborate/Assets/Icons/moved-file-light@2x.png using Guid(3a008b3f63356f241a197da231865421) Importer(815301076,1909f56bfc062723c751e8b465ee728b)  -> (artifact id: '3c3953cf473eedc93cafe7eec38e6c10') in 0.029755 seconds 
========================================================================
Received Import Request.
  Time since last request: 0.000419 seconds.
  path: Packages/com.unity.collab-proxy/Editor/Collaborate/Assets/Icons/search-light.png
  artifactKey: Guid(5ce43a8ae9d640f4cb77136d601fc0d8) Importer(815301076,1909f56bfc062723c751e8b465ee728b)
Start importing Packages/com.unity.collab-proxy/Editor/Collaborate/Assets/Icons/search-light.png using Guid(5ce43a8ae9d640f4cb77136d601fc0d8) Importer(815301076,1909f56bfc062723c751e8b465ee728b)  -> (artifact id: 'c22f930ce210856464c2618691ae536c') in 0.036304 seconds 
========================================================================
Received Import Request.
  Time since last request: 0.000458 seconds.
  path: Packages/com.unity.collab-proxy/Editor/Collaborate/Assets/Icons/more-vert-light@2x.png
  artifactKey: Guid(f9053b8d7b8c0d446a1f1fd28fec65c1) Importer(815301076,1909f56bfc062723c751e8b465ee728b)
Start importing Packages/com.unity.collab-proxy/Editor/Collaborate/Assets/Icons/more-vert-light@2x.png using Guid(f9053b8d7b8c0d446a1f1fd28fec65c1) Importer(815301076,1909f56bfc062723c751e8b465ee728b)  -> (artifact id: '12963d837c17578854c0b55ce579b37f') in 0.029036 seconds 
========================================================================
Received Import Request.
  Time since last request: 0.000409 seconds.
  path: Packages/com.unity.collab-proxy/Editor/Collaborate/Assets/Icons/revert-asset-dark.png
  artifactKey: Guid(23933ab6b291bc54ba1b99b5fcb9ec80) Importer(815301076,1909f56bfc062723c751e8b465ee728b)
Start importing Packages/com.unity.collab-proxy/Editor/Collaborate/Assets/Icons/revert-asset-dark.png using Guid(23933ab6b291bc54ba1b99b5fcb9ec80) Importer(815301076,1909f56bfc062723c751e8b465ee728b)  -> (artifact id: '883c3b4fc340ffaa82ecb0b1d605c25f') in 0.026755 seconds 
========================================================================
Received Import Request.
  Time since last request: 0.000383 seconds.
  path: Assets/AstarPathfindingProject/Editor/EditorAssets/scene_box@1x.png
  artifactKey: Guid(a4bb5812f98bf40a68d9c1a69ad860cb) Importer(815301076,1909f56bfc062723c751e8b465ee728b)
Start importing Assets/AstarPathfindingProject/Editor/EditorAssets/scene_box@1x.png using Guid(a4bb5812f98bf40a68d9c1a69ad860cb) Importer(815301076,1909f56bfc062723c751e8b465ee728b)  -> (artifact id: '3e201ad5d5519308257274e8afb6573a') in 0.035634 seconds 
========================================================================
Received Import Request.
  Time since last request: 0.000411 seconds.
  path: Assets/AstarPathfindingProject/Editor/EditorAssets/scene_box@2x.png
  artifactKey: Guid(f834e7df6f42446b59c83dca1e5bd098) Importer(815301076,1909f56bfc062723c751e8b465ee728b)
Start importing Assets/AstarPathfindingProject/Editor/EditorAssets/scene_box@2x.png using Guid(f834e7df6f42446b59c83dca1e5bd098) Importer(815301076,1909f56bfc062723c751e8b465ee728b)  -> (artifact id: 'f0a566c95b975162efbcdae7d7a9498f') in 0.027936 seconds 
========================================================================
Received Import Request.
  Time since last request: 0.000374 seconds.
  path: Packages/com.unity.2d.animation/Editor/Assets/Icons/Light/Sprite Library.png
  artifactKey: Guid(902fb3e231a868949990174226b200d0) Importer(815301076,1909f56bfc062723c751e8b465ee728b)
Start importing Packages/com.unity.2d.animation/Editor/Assets/Icons/Light/Sprite Library.png using Guid(902fb3e231a868949990174226b200d0) Importer(815301076,1909f56bfc062723c751e8b465ee728b)  -> (artifact id: '9a58994c61f7fafd171e9eb8171e0587') in 0.027162 seconds 
========================================================================
Received Import Request.
  Time since last request: 0.000254 seconds.
  path: Assets/AstarPathfindingProject/Editor/EditorAssets/DarkSkin/lock_closed@2x.png
  artifactKey: Guid(6c38830c1556942fcb6ce893085d1daa) Importer(815301076,1909f56bfc062723c751e8b465ee728b)
Start importing Assets/AstarPathfindingProject/Editor/EditorAssets/DarkSkin/lock_closed@2x.png using Guid(6c38830c1556942fcb6ce893085d1daa) Importer(815301076,1909f56bfc062723c751e8b465ee728b)  -> (artifact id: 'cd9bba1b2972928d5a716d0fc6df194d') in 0.034217 seconds 
========================================================================
Received Import Request.
  Time since last request: 0.000358 seconds.
  path: Packages/com.unity.collab-proxy/Editor/Collaborate/Assets/Icons/show-light@2x.png
  artifactKey: Guid(d84f7eb154b674f46b833c51f844277e) Importer(815301076,1909f56bfc062723c751e8b465ee728b)
Start importing Packages/com.unity.collab-proxy/Editor/Collaborate/Assets/Icons/show-light@2x.png using Guid(d84f7eb154b674f46b833c51f844277e) Importer(815301076,1909f56bfc062723c751e8b465ee728b)  -> (artifact id: 'eb7b2fc2003b6be691c30cab6e4665cc') in 0.028098 seconds 
========================================================================
Received Import Request.
  Time since last request: 0.000353 seconds.
  path: Packages/com.unity.collab-proxy/Editor/Collaborate/Assets/Icons/merge-conflicts-dark.png
  artifactKey: Guid(f15453c5e25703942b480f17a40794f5) Importer(815301076,1909f56bfc062723c751e8b465ee728b)
Start importing Packages/com.unity.collab-proxy/Editor/Collaborate/Assets/Icons/merge-conflicts-dark.png using Guid(f15453c5e25703942b480f17a40794f5) Importer(815301076,1909f56bfc062723c751e8b465ee728b)  -> (artifact id: '85586d8047b00f771efb8aa6a9d5a539') in 0.028699 seconds 
========================================================================
Received Import Request.
  Time since last request: 0.000326 seconds.
  path: Assets/AstarPathfindingProject/Editor/EditorAssets/LightSkin/lock_closed@1x.png
  artifactKey: Guid(5e0cd84e9d84642ac883c25ca8d667ac) Importer(815301076,1909f56bfc062723c751e8b465ee728b)
Start importing Assets/AstarPathfindingProject/Editor/EditorAssets/LightSkin/lock_closed@1x.png using Guid(5e0cd84e9d84642ac883c25ca8d667ac) Importer(815301076,1909f56bfc062723c751e8b465ee728b)  -> (artifact id: '6e6ba596fddb850b1de805641104c57a') in 0.033090 seconds 
========================================================================
Received Import Request.
  Time since last request: 0.000302 seconds.
  path: Packages/com.unity.searcher/Editor/Resources/FlatSkin/SearchSmallDownOff.png
  artifactKey: Guid(e0f8b9d001b669a43b3c9f7b90891d96) Importer(815301076,1909f56bfc062723c751e8b465ee728b)
Start importing Packages/com.unity.searcher/Editor/Resources/FlatSkin/SearchSmallDownOff.png using Guid(e0f8b9d001b669a43b3c9f7b90891d96) Importer(815301076,1909f56bfc062723c751e8b465ee728b)  -> (artifact id: '5dcfc6ea8414f1e384b6d73fd6389680') in 0.020375 seconds 
========================================================================
Received Import Request.
  Time since last request: 0.000275 seconds.
  path: Packages/com.unity.collab-proxy/Editor/Collaborate/Assets/Icons/more-vert-dark.png
  artifactKey: Guid(3cf437657a48d3f4790401155e66704c) Importer(815301076,1909f56bfc062723c751e8b465ee728b)
Start importing Packages/com.unity.collab-proxy/Editor/Collaborate/Assets/Icons/more-vert-dark.png using Guid(3cf437657a48d3f4790401155e66704c) Importer(815301076,1909f56bfc062723c751e8b465ee728b)  -> (artifact id: 'b10737b3ac1b64d47150d35ad643cd4e') in 0.025428 seconds 
========================================================================
Received Import Request.
  Time since last request: 0.000237 seconds.
  path: Packages/com.unity.collab-proxy/Editor/Collaborate/Assets/Icons/moved-file-dark.png
  artifactKey: Guid(e3ea510ab0d9de74d825181746b18285) Importer(815301076,1909f56bfc062723c751e8b465ee728b)
Start importing Packages/com.unity.collab-proxy/Editor/Collaborate/Assets/Icons/moved-file-dark.png using Guid(e3ea510ab0d9de74d825181746b18285) Importer(815301076,1909f56bfc062723c751e8b465ee728b)  -> (artifact id: 'd94820ca3bf10af9c94574636b7cba12') in 0.026570 seconds 
========================================================================
Received Import Request.
  Time since last request: 0.000293 seconds.
  path: Assets/AstarPathfindingProject/Editor/EditorAssets/DarkSkin/pixelBox3_separator.png
  artifactKey: Guid(3a08de11a34c44da28de4c086fd13461) Importer(815301076,1909f56bfc062723c751e8b465ee728b)
Start importing Assets/AstarPathfindingProject/Editor/EditorAssets/DarkSkin/pixelBox3_separator.png using Guid(3a08de11a34c44da28de4c086fd13461) Importer(815301076,1909f56bfc062723c751e8b465ee728b)  -> (artifact id: '779d708d7a38033a56e4ad00acc3d792') in 0.028351 seconds 
========================================================================
Received Import Request.
  Time since last request: 0.000362 seconds.
  path: Assets/AstarPathfindingProject/Editor/EditorAssets/DarkSkin/pixelBox3@2x.png
  artifactKey: Guid(9043fef44c60647b7a763eb86f912ba1) Importer(815301076,1909f56bfc062723c751e8b465ee728b)
Start importing Assets/AstarPathfindingProject/Editor/EditorAssets/DarkSkin/pixelBox3@2x.png using Guid(9043fef44c60647b7a763eb86f912ba1) Importer(815301076,1909f56bfc062723c751e8b465ee728b)  -> (artifact id: '6e6efcd6ad9417889e2f0c498a5d17d5') in 0.025500 seconds 
========================================================================
Received Import Request.
  Time since last request: 0.000283 seconds.
  path: Packages/com.unity.2d.animation/Editor/Assets/Icons/Selected/Sprite Resolver.png
  artifactKey: Guid(d12cc2bf0f6294f4b8bcfd60b290d635) Importer(815301076,1909f56bfc062723c751e8b465ee728b)
Start importing Packages/com.unity.2d.animation/Editor/Assets/Icons/Selected/Sprite Resolver.png using Guid(d12cc2bf0f6294f4b8bcfd60b290d635) Importer(815301076,1909f56bfc062723c751e8b465ee728b)  -> (artifact id: '4ff8e77089cd94613fe8486fad62795f') in 0.023463 seconds 
========================================================================
Received Import Request.
  Time since last request: 0.000264 seconds.
  path: Packages/com.unity.collab-proxy/Editor/Collaborate/Assets/Icons/search-dark.png
  artifactKey: Guid(3b44c1da064d3bf46be68efbc875596e) Importer(815301076,1909f56bfc062723c751e8b465ee728b)
Start importing Packages/com.unity.collab-proxy/Editor/Collaborate/Assets/Icons/search-dark.png using Guid(3b44c1da064d3bf46be68efbc875596e) Importer(815301076,1909f56bfc062723c751e8b465ee728b)  -> (artifact id: '06d066918ef020ecdfaf6917fc2392ab') in 0.034860 seconds 
========================================================================
Received Import Request.
  Time since last request: 0.000303 seconds.
  path: Packages/com.unity.collab-proxy/Editor/Collaborate/Assets/Icons/loading-dark@2x.png
  artifactKey: Guid(d021820613d286f48915c2de657245d5) Importer(815301076,1909f56bfc062723c751e8b465ee728b)
Start importing Packages/com.unity.collab-proxy/Editor/Collaborate/Assets/Icons/loading-dark@2x.png using Guid(d021820613d286f48915c2de657245d5) Importer(815301076,1909f56bfc062723c751e8b465ee728b)  -> (artifact id: 'e2029e3255b5ecaed6e30b488685167c') in 0.061329 seconds 
========================================================================
Received Import Request.
  Time since last request: 0.000358 seconds.
  path: Packages/com.unity.collab-proxy/Editor/Collaborate/Assets/Icons/merge-dark@2x.png
  artifactKey: Guid(6b972fca7700d6748b66eb72f2072e74) Importer(815301076,1909f56bfc062723c751e8b465ee728b)
Start importing Packages/com.unity.collab-proxy/Editor/Collaborate/Assets/Icons/merge-dark@2x.png using Guid(6b972fca7700d6748b66eb72f2072e74) Importer(815301076,1909f56bfc062723c751e8b465ee728b)  -> (artifact id: 'f61eedab487e893b57e30a54f6899ed4') in 0.039151 seconds 
========================================================================
Received Import Request.
  Time since last request: 0.000334 seconds.
  path: Packages/com.unity.collab-proxy/Editor/Collaborate/Assets/Icons/show-dark.png
  artifactKey: Guid(849b7119dad13a24397add67a7f78510) Importer(815301076,1909f56bfc062723c751e8b465ee728b)
Start importing Packages/com.unity.collab-proxy/Editor/Collaborate/Assets/Icons/show-dark.png using Guid(849b7119dad13a24397add67a7f78510) Importer(815301076,1909f56bfc062723c751e8b465ee728b)  -> (artifact id: '90c46da82cd78411635939317d6a1d66') in 0.028222 seconds 
========================================================================
Received Import Request.
  Time since last request: 0.000271 seconds.
  path: Packages/com.unity.2d.animation/Editor/Assets/Icons/Light/Sprite Resolver@4x.png
  artifactKey: Guid(812106d50a8a76a4d9e68c85c8fb976a) Importer(815301076,1909f56bfc062723c751e8b465ee728b)
Start importing Packages/com.unity.2d.animation/Editor/Assets/Icons/Light/Sprite Resolver@4x.png using Guid(812106d50a8a76a4d9e68c85c8fb976a) Importer(815301076,1909f56bfc062723c751e8b465ee728b)  -> (artifact id: 'e8743d1272977e0ed1d645e622da927c') in 0.027044 seconds 
========================================================================
Received Import Request.
  Time since last request: 0.000271 seconds.
  path: Assets/AstarPathfindingProject/Editor/EditorAssets/LightSkin/pixelBox3@2x.png
  artifactKey: Guid(5ed56a3e069cd4b5aa4360154acc026a) Importer(815301076,1909f56bfc062723c751e8b465ee728b)
Start importing Assets/AstarPathfindingProject/Editor/EditorAssets/LightSkin/pixelBox3@2x.png using Guid(5ed56a3e069cd4b5aa4360154acc026a) Importer(815301076,1909f56bfc062723c751e8b465ee728b)  -> (artifact id: 'a2a866e65205f2a9f1a49ef63fb473be') in 0.030919 seconds 
========================================================================
Received Import Request.
  Time since last request: 0.000300 seconds.
  path: Packages/com.unity.collab-proxy/Editor/Collaborate/Assets/Icons/publish-dark.png
  artifactKey: Guid(fdbd7df1b46f4714fbb0174e505f5a31) Importer(815301076,1909f56bfc062723c751e8b465ee728b)
Start importing Packages/com.unity.collab-proxy/Editor/Collaborate/Assets/Icons/publish-dark.png using Guid(fdbd7df1b46f4714fbb0174e505f5a31) Importer(815301076,1909f56bfc062723c751e8b465ee728b)  -> (artifact id: '1800b0a01ad37ee8dc0f80fa2d357ceb') in 0.028005 seconds 
========================================================================
Received Import Request.
  Time since last request: 0.000280 seconds.
  path: Packages/com.unity.collab-proxy/Editor/Collaborate/Assets/Icons/more-vert-dark@2x.png
  artifactKey: Guid(366c5b350c052f34aa6909c6563fb9e9) Importer(815301076,1909f56bfc062723c751e8b465ee728b)
Start importing Packages/com.unity.collab-proxy/Editor/Collaborate/Assets/Icons/more-vert-dark@2x.png using Guid(366c5b350c052f34aa6909c6563fb9e9) Importer(815301076,1909f56bfc062723c751e8b465ee728b)  -> (artifact id: '639aa5c6015e7dfcdb0755dbb70bc561') in 0.025300 seconds 
========================================================================
Received Import Request.
  Time since last request: 0.000249 seconds.
  path: Packages/com.unity.2d.path/Editor/Handles/Path/pointNormal.png
  artifactKey: Guid(514bcbaba91a4704599b5b170200682a) Importer(815301076,1909f56bfc062723c751e8b465ee728b)
Start importing Packages/com.unity.2d.path/Editor/Handles/Path/pointNormal.png using Guid(514bcbaba91a4704599b5b170200682a) Importer(815301076,1909f56bfc062723c751e8b465ee728b)  -> (artifact id: 'deefd2d5fa0bda84de44b48773119b2c') in 0.036130 seconds 
========================================================================
Received Import Request.
  Time since last request: 0.000418 seconds.
  path: Packages/com.unity.2d.animation/Editor/Assets/Icons/Light/Sprite Resolver.png
  artifactKey: Guid(f9fa586a59622974c8757320292933e5) Importer(815301076,1909f56bfc062723c751e8b465ee728b)
Start importing Packages/com.unity.2d.animation/Editor/Assets/Icons/Light/Sprite Resolver.png using Guid(f9fa586a59622974c8757320292933e5) Importer(815301076,1909f56bfc062723c751e8b465ee728b)  -> (artifact id: '694d12f3e619621def24d2c0885c0496') in 0.024623 seconds 
========================================================================
Received Import Request.
  Time since last request: 0.000416 seconds.
  path: Packages/com.unity.2d.animation/Editor/Assets/Icons/Light/Sprite Library@2x.png
  artifactKey: Guid(aaac7d65bd289a04f90f662d819fd5ab) Importer(815301076,1909f56bfc062723c751e8b465ee728b)
Start importing Packages/com.unity.2d.animation/Editor/Assets/Icons/Light/Sprite Library@2x.png using Guid(aaac7d65bd289a04f90f662d819fd5ab) Importer(815301076,1909f56bfc062723c751e8b465ee728b)  -> (artifact id: '6efaf7172c7f6a163700aa4e9bafba34') in 0.029215 seconds 
========================================================================
Received Import Request.
  Time since last request: 0.000444 seconds.
  path: Packages/com.unity.2d.animation/Editor/Assets/Icons/Selected/Sprite Library.png
  artifactKey: Guid(1b8aa18d56d7623428cad9997223857e) Importer(815301076,1909f56bfc062723c751e8b465ee728b)
Start importing Packages/com.unity.2d.animation/Editor/Assets/Icons/Selected/Sprite Library.png using Guid(1b8aa18d56d7623428cad9997223857e) Importer(815301076,1909f56bfc062723c751e8b465ee728b)  -> (artifact id: 'b742ba94250980fcef009708970f4dfc') in 0.032898 seconds 
========================================================================
Received Import Request.
  Time since last request: 0.000391 seconds.
  path: Packages/com.unity.collab-proxy/Editor/Collaborate/Assets/Icons/loading-light.png
  artifactKey: Guid(77502b03a9bd59440840caed1248d860) Importer(815301076,1909f56bfc062723c751e8b465ee728b)
Start importing Packages/com.unity.collab-proxy/Editor/Collaborate/Assets/Icons/loading-light.png using Guid(77502b03a9bd59440840caed1248d860) Importer(815301076,1909f56bfc062723c751e8b465ee728b)  -> (artifact id: '1a7a5cf30ea9658d7e421c97ef5cbf4a') in 0.027929 seconds 
========================================================================
Received Import Request.
  Time since last request: 0.000386 seconds.
  path: Packages/com.unity.2d.animation/Editor/Assets/Icons/Selected/Sprite Resolver@2x.png
  artifactKey: Guid(d4ecc3333ec1e054fbac2696e318e017) Importer(815301076,1909f56bfc062723c751e8b465ee728b)
Start importing Packages/com.unity.2d.animation/Editor/Assets/Icons/Selected/Sprite Resolver@2x.png using Guid(d4ecc3333ec1e054fbac2696e318e017) Importer(815301076,1909f56bfc062723c751e8b465ee728b)  -> (artifact id: '551a533d4d56075b5053336e295e37bf') in 0.027956 seconds 
========================================================================
Received Import Request.
  Time since last request: 52108.579076 seconds.
  path: Assets/Shaders/knight/monarch_wings_glow.shadergraph
  artifactKey: Guid(24e4375fa3a7a9147a9135596b463631) Importer(815301076,1909f56bfc062723c751e8b465ee728b)
Start importing Assets/Shaders/knight/monarch_wings_glow.shadergraph using Guid(24e4375fa3a7a9147a9135596b463631) Importer(815301076,1909f56bfc062723c751e8b465ee728b)  -> (artifact id: '73598ba73da5cebd86eb6185180e0a2f') in 0.467074 seconds 
========================================================================
Received Import Request.
  Time since last request: 202.000192 seconds.
  path: Packages/com.unity.timeline/Editor/StyleSheets/Images/DarkSkin/TimelineInfiniteTrackNoShadow.png
  artifactKey: Guid(eae63adb172f1164db61a7f4bdfc3637) Importer(815301076,1909f56bfc062723c751e8b465ee728b)
Start importing Packages/com.unity.timeline/Editor/StyleSheets/Images/DarkSkin/TimelineInfiniteTrackNoShadow.png using Guid(eae63adb172f1164db61a7f4bdfc3637) Importer(815301076,1909f56bfc062723c751e8b465ee728b)  -> (artifact id: '4dca4427aacd481979a8516b3ee445c2') in 0.404956 seconds 
========================================================================
Received Import Request.
  Time since last request: 0.000682 seconds.
  path: Packages/com.unity.timeline/Editor/StyleSheets/Images/LightSkin/TimelineInfiniteTrackNoShadow.png
  artifactKey: Guid(69ff79f863a32ad44a9497d4896d9d1c) Importer(815301076,1909f56bfc062723c751e8b465ee728b)
Start importing Packages/com.unity.timeline/Editor/StyleSheets/Images/LightSkin/TimelineInfiniteTrackNoShadow.png using Guid(69ff79f863a32ad44a9497d4896d9d1c) Importer(815301076,1909f56bfc062723c751e8b465ee728b)  -> (artifact id: '72b17f6364ce867f7cbf52388ea19b2c') in 0.060538 seconds 
========================================================================
Received Import Request.
  Time since last request: 320.593471 seconds.
  path: Assets/Shaders/knight/monarch_wings_glow.shadergraph
  artifactKey: Guid(24e4375fa3a7a9147a9135596b463631) Importer(815301076,1909f56bfc062723c751e8b465ee728b)
Start importing Assets/Shaders/knight/monarch_wings_glow.shadergraph using Guid(24e4375fa3a7a9147a9135596b463631) Importer(815301076,1909f56bfc062723c751e8b465ee728b)  -> (artifact id: 'e685b928c8b3ec28da119f90d0c2eaa1') in 0.046485 seconds 
========================================================================
Received Import Request.
  Time since last request: 19.650272 seconds.
  path: Assets/materials/slippery.physicsMaterial2D
  artifactKey: Guid(3c026739be1608244bf986615a07624d) Importer(815301076,1909f56bfc062723c751e8b465ee728b)
Start importing Assets/materials/slippery.physicsMaterial2D using Guid(3c026739be1608244bf986615a07624d) Importer(815301076,1909f56bfc062723c751e8b465ee728b)  -> (artifact id: '8bf148c2a630015d23bc9f3fbd7d138b') in 0.106271 seconds 
========================================================================
Received Import Request.
  Time since last request: 35.744070 seconds.
  path: Assets/Shaders/knight/monarch_wings_glow.mat
  artifactKey: Guid(ee8fc74cedbe86642813a75a982f9a85) Importer(815301076,1909f56bfc062723c751e8b465ee728b)
Start importing Assets/Shaders/knight/monarch_wings_glow.mat using Guid(ee8fc74cedbe86642813a75a982f9a85) Importer(815301076,1909f56bfc062723c751e8b465ee728b)  -> (artifact id: '33768d849a15af6a17cc2f9775cb16a3') in 4.033248 seconds 
========================================================================
Received Prepare
Registering precompiled user dll's ...
Registered in 0.719429 seconds.
Begin MonoManager ReloadAssembly
Symbol file LoadedFromMemory doesn't match image C:\Users\scalu\OneDrive\Desktop\GitHub\Unity-Platformer\Platformer\Library\PackageCache\com.unity.visualscripting@1.6.1\Editor\VisualScripting.Core\Dependencies\YamlDotNet\Unity.VisualScripting.YamlDotNet.dll
Symbol file LoadedFromMemory doesn't match image C:\Users\scalu\OneDrive\Desktop\GitHub\Unity-Platformer\Platformer\Library\PackageCache\com.unity.visualscripting@1.6.1\Editor\VisualScripting.Core\Dependencies\DotNetZip\Unity.VisualScripting.IonicZip.dll
Native extension for WindowsStandalone target not found
Refreshing native plugins compatible for Editor in 3.73 ms, found 4 plugins.
Preloading 0 native plugins for Editor in 0.00 ms.
Mono: successfully reloaded assembly
- Completed reload, in  8.097 seconds
Domain Reload Profiling:
	ReloadAssembly (8099ms)
		BeginReloadAssembly (1647ms)
			ExecutionOrderSort (0ms)
			DisableScriptedObjects (112ms)
			BackupInstance (0ms)
			ReleaseScriptingObjects (0ms)
			CreateAndSetChildDomain (1141ms)
		EndReloadAssembly (6270ms)
			LoadAssemblies (581ms)
			RebuildTransferFunctionScriptingTraits (0ms)
			SetupTypeCache (1652ms)
			ReleaseScriptCaches (4ms)
			RebuildScriptCaches (153ms)
			SetupLoadedEditorAssemblies (2182ms)
				LogAssemblyErrors (0ms)
				InitializePlatformSupportModulesInManaged (25ms)
				SetLoadedEditorAssemblies (2ms)
				RefreshPlugins (4ms)
				BeforeProcessingInitializeOnLoad (363ms)
				ProcessInitializeOnLoadAttributes (1742ms)
				ProcessInitializeOnLoadMethodAttributes (23ms)
				AfterProcessingInitializeOnLoad (22ms)
				EditorAssembliesLoaded (1ms)
			ExecutionOrderSort2 (0ms)
			AwakeInstancesAfterBackupRestoration (183ms)
Platform modules already initialized, skipping
Refreshing native plugins compatible for Editor in 2.66 ms, found 4 plugins.
Preloading 0 native plugins for Editor in 0.00 ms.
Unloading 5045 Unused Serialized files (Serialized files now loaded: 0)
System memory in use before: 210.8 MB.
System memory in use after: 211.2 MB.

Unloading 24 unused Assets to reduce memory usage. Loaded Objects now: 6212.
Total: 12.309300 ms (FindLiveObjects: 1.656800 ms CreateObjectMapping: 1.037100 ms MarkObjects: 9.361700 ms  DeleteObjects: 0.248300 ms)

AssetImportParameters requested are different than current active one (requested -> active):
  custom:framework-win-MediaFoundation: 216162199b28c13a410421893ffa2e32 -> 
  custom:video-decoder-ogg-theora: a1e56fd34408186e4bbccfd4996cb3dc -> 
  custom:container-muxer-webm: aa71ff27fc2769a1b78a27578f13a17b -> 
  custom:container-demuxer-webm: 4f35f7cbe854078d1ac9338744f61a02 -> 
  custom:container-demuxer-ogg: 62fdf1f143b41e24485cea50d1cbac27 -> 
  custom:video-encoder-webm-vp8: eb34c28f22e8b96e1ab97ce403110664 -> 
  custom:video-codec-MediaFoundation-h265: 746d11721c4dcdbdad8f713fa42b33f4 -> 
  custom:video-decoder-webm-vp8: 9c59270c3fd7afecdb556c50c9e8de78 -> 
  custom:audio-decoder-ogg-vorbis: bf7c407c2cedff20999df2af8eb42d56 -> 
  custom:audio-encoder-webm-vorbis: bf7c407c2cedff20999df2af8eb42d56 -> 
========================================================================
Received Import Request.
  Time since last request: 462.420075 seconds.
  path: Assets/Shaders/knight/knight.mat
  artifactKey: Guid(ee8fc74cedbe86642813a75a982f9a85) Importer(815301076,1909f56bfc062723c751e8b465ee728b)
Start importing Assets/Shaders/knight/knight.mat using Guid(ee8fc74cedbe86642813a75a982f9a85) Importer(815301076,1909f56bfc062723c751e8b465ee728b)  -> (artifact id: '9b44f5a39051cfd1ac4ccc3938cd9740') in 0.628157 seconds 
========================================================================
Received Import Request.
  Time since last request: 59.336257 seconds.
  path: Assets/AstarPathfindingProject/ExampleScenes/Example2_Terrain/Pathfinding_Terrain.asset
  artifactKey: Guid(ce970816794dc4a6c8b5acdbc5953551) Importer(815301076,1909f56bfc062723c751e8b465ee728b)
Start importing Assets/AstarPathfindingProject/ExampleScenes/Example2_Terrain/Pathfinding_Terrain.asset using Guid(ce970816794dc4a6c8b5acdbc5953551) Importer(815301076,1909f56bfc062723c751e8b465ee728b) Received signal SIGSEGV
Stack trace:
0x00007ff6cf339bb4 (Unity) CreateAssetToGUIDMappingV2
0x00007ff6cf2e333a (Unity) AssetDatabase::CreateAssetToGUIDMapping
0x00007ff6cf9d4b0b (Unity) SplatDatabase::CreateTerrainLayerAsset
0x00007ff6cf9d39d0 (Unity) SplatDatabase::ConvertSplatsToTerrainLayers
0x00007ff6cf9d0a2c (Unity) SplatDatabase::AwakeFromLoad
0x00007ff6cfa0d796 (Unity) TerrainData::AwakeFromLoad
0x00007ff6cea4668f (Unity) AwakeFromLoadQueue::InvokePersistentManagerAwake
0x00007ff6cea47022 (Unity) AwakeFromLoadQueue::PersistentManagerAwakeFromLoad
0x00007ff6cea471aa (Unity) AwakeFromLoadQueue::PersistentManagerAwakeFromLoad
0x00007ff6cea1afff (Unity) PersistentManager::IntegrateAllThreadedObjects
0x00007ff6cea1bb67 (Unity) PersistentManager::LoadAndIntegrateAllPreallocatedObjects
0x00007ff6cea1f082 (Unity) PersistentManager::ReadObject
0x00007ff6cf2dc381 (Unity) WritePreviews
0x00007ff6cf2d8d83 (Unity) PreviewImporter::GenerateAssetData
0x00007ff6cf37324e (Unity) ImportToObjects
0x00007ff6cf372248 (Unity) ImportAsset
0x00007ff6cf31092f (Unity) AssetImportWorker::Import
0x00007ff6cf333952 (Unity) <lambda_9a0c3c600e605f826d039b184a304624>::operator()
0x00007ff6cf3ba0e2 (Unity) asio::detail::completion_handler<core::mutable_function<void __cdecl(void)> >::do_complete
0x00007ff6cf3bc350 (Unity) asio::detail::win_iocp_io_service::do_one
0x00007ff6cf3bfa3e (Unity) asio::io_service::run
0x00007ff6cf35bf1a (Unity) RunAssetImportWorkerClientV2
0x00007ff6cf35bf70 (Unity) RunAssetImporterV2
0x00007ff6cee5f847 (Unity) Application::InitializeProject
0x00007ff6cf26ef37 (Unity) WinMain
0x00007ff6d0d9cc72 (Unity) __scrt_common_main_seh
0x00007ffadb4e257d (KERNEL32) BaseThreadInitThunk
0x00007ffadd08aa78 (ntdll) RtlUserThreadStart

